Analysis & Synthesis report for project
Wed Dec 08 12:15:48 2021
Quartus II 64-Bit Version 13.0.1 Build 232 06/12/2013 Service Pack 1 SJ Web Edition


---------------------
; Table of Contents ;
---------------------
  1. Legal Notice
  2. Analysis & Synthesis Summary
  3. Analysis & Synthesis Settings
  4. Parallel Compilation
  5. Analysis & Synthesis Source Files Read
  6. Analysis & Synthesis Resource Usage Summary
  7. Analysis & Synthesis Resource Utilization by Entity
  8. Registers Removed During Synthesis
  9. Removed Registers Triggering Further Register Optimizations
 10. General Register Statistics
 11. Port Connectivity Checks: "interruptGen:interrupt"
 12. Port Connectivity Checks: "baude_gen:baud_rate|upcounter_8b:clock_divde_mux_combined"
 13. Port Connectivity Checks: "baude_gen:baud_rate"
 14. Port Connectivity Checks: "receiver:receiver|enARdFF_2:state_sig4"
 15. Port Connectivity Checks: "receiver:receiver|enARdFF_2:state_sig3"
 16. Port Connectivity Checks: "receiver:receiver|enARdFF_2:state_sig2"
 17. Port Connectivity Checks: "receiver:receiver|enARdFF_2:state_sig1"
 18. Port Connectivity Checks: "receiver:receiver|enARdFF_2:rsr_dff7"
 19. Port Connectivity Checks: "receiver:receiver|enARdFF_2:rsr_dff6"
 20. Port Connectivity Checks: "receiver:receiver|enARdFF_2:rsr_dff5"
 21. Port Connectivity Checks: "receiver:receiver|enARdFF_2:rsr_dff4"
 22. Port Connectivity Checks: "receiver:receiver|enARdFF_2:rsr_dff3"
 23. Port Connectivity Checks: "receiver:receiver|enARdFF_2:rsr_dff0"
 24. Port Connectivity Checks: "receiver:receiver|enARdFF_2:rsr_dff2"
 25. Port Connectivity Checks: "receiver:receiver|enARdFF_2:rsr_dff"
 26. Port Connectivity Checks: "receiver:receiver|enARdFF_2:RxD_in"
 27. Port Connectivity Checks: "receiver:receiver|left8:rsr_shifting|dFF_2:o7"
 28. Port Connectivity Checks: "receiver:receiver|left8:rsr_shifting|dFF_2:o6"
 29. Port Connectivity Checks: "receiver:receiver|left8:rsr_shifting|dFF_2:o5"
 30. Port Connectivity Checks: "receiver:receiver|left8:rsr_shifting|dFF_2:o4"
 31. Port Connectivity Checks: "receiver:receiver|left8:rsr_shifting|dFF_2:o3"
 32. Port Connectivity Checks: "receiver:receiver|left8:rsr_shifting|dFF_2:o2"
 33. Port Connectivity Checks: "receiver:receiver|left8:rsr_shifting|dFF_2:o1"
 34. Port Connectivity Checks: "receiver:receiver|left8:rsr_shifting|dFF_2:o0"
 35. Port Connectivity Checks: "receiver:receiver|counter:sampling_counter"
 36. Port Connectivity Checks: "receiver:receiver|upcounter_8b:clock_divde_8"
 37. Port Connectivity Checks: "receiver:receiver|upcounter_8b:clock_divde_4"
 38. Port Connectivity Checks: "receiver:receiver"
 39. Port Connectivity Checks: "transmitter:transmitter|enARdFF_2:state_sig4"
 40. Port Connectivity Checks: "transmitter:transmitter|enARdFF_2:state_sig3"
 41. Port Connectivity Checks: "transmitter:transmitter|enARdFF_2:state_sig2"
 42. Port Connectivity Checks: "transmitter:transmitter|enARdFF_2:state_sig1"
 43. Port Connectivity Checks: "transmitter:transmitter|enARdFF_2:TxD_output_Y2"
 44. Port Connectivity Checks: "transmitter:transmitter|enARdFF_2:TxD_output"
 45. Port Connectivity Checks: "transmitter:transmitter|right8:tsr_shifting|dFF_2:o7"
 46. Port Connectivity Checks: "transmitter:transmitter|right8:tsr_shifting|dFF_2:o6"
 47. Port Connectivity Checks: "transmitter:transmitter|right8:tsr_shifting|dFF_2:o5"
 48. Port Connectivity Checks: "transmitter:transmitter|right8:tsr_shifting|dFF_2:o4"
 49. Port Connectivity Checks: "transmitter:transmitter|right8:tsr_shifting|dFF_2:o3"
 50. Port Connectivity Checks: "transmitter:transmitter|right8:tsr_shifting|dFF_2:o2"
 51. Port Connectivity Checks: "transmitter:transmitter|right8:tsr_shifting|dFF_2:o1"
 52. Port Connectivity Checks: "transmitter:transmitter|right8:tsr_shifting|dFF_2:o0"
 53. Port Connectivity Checks: "transmitter:transmitter|right8:tsr_shifting"
 54. Port Connectivity Checks: "transmitter:transmitter|counter:shift_counter|enARdFF_2:lsb"
 55. Port Connectivity Checks: "transmitter:transmitter|counter:shift_counter|enARdFF_2:b3"
 56. Port Connectivity Checks: "transmitter:transmitter|counter:shift_counter|enARdFF_2:b2"
 57. Port Connectivity Checks: "transmitter:transmitter|counter:shift_counter|enARdFF_2:msb"
 58. Port Connectivity Checks: "transmitter:transmitter|counter:shift_counter"
 59. Port Connectivity Checks: "transmitter:transmitter|upcounter_8b:clock_divde_8_TR"
 60. Port Connectivity Checks: "transmitter:transmitter"
 61. Elapsed Time Per Partition
 62. Analysis & Synthesis Messages



----------------
; Legal Notice ;
----------------
Copyright (C) 1991-2013 Altera Corporation
Your use of Altera Corporation's design tools, logic functions 
and other software and tools, and its AMPP partner logic 
functions, and any output files from any of the foregoing 
(including device programming or simulation files), and any 
associated documentation or information are expressly subject 
to the terms and conditions of the Altera Program License 
Subscription Agreement, Altera MegaCore Function License 
Agreement, or other applicable license agreement, including, 
without limitation, that your use is for the sole purpose of 
programming logic devices manufactured by Altera and sold by 
Altera or its authorized distributors.  Please refer to the 
applicable agreement for further details.



+--------------------------------------------------------------------------------------+
; Analysis & Synthesis Summary                                                         ;
+------------------------------------+-------------------------------------------------+
; Analysis & Synthesis Status        ; Successful - Wed Dec 08 12:15:48 2021           ;
; Quartus II 64-Bit Version          ; 13.0.1 Build 232 06/12/2013 SP 1 SJ Web Edition ;
; Revision Name                      ; project                                         ;
; Top-level Entity Name              ; uartCon                                         ;
; Family                             ; Cyclone IV E                                    ;
; Total logic elements               ; 0                                               ;
;     Total combinational functions  ; 0                                               ;
;     Dedicated logic registers      ; 0                                               ;
; Total registers                    ; 0                                               ;
; Total pins                         ; 18                                              ;
; Total virtual pins                 ; 0                                               ;
; Total memory bits                  ; 0                                               ;
; Embedded Multiplier 9-bit elements ; 0                                               ;
; Total PLLs                         ; 0                                               ;
+------------------------------------+-------------------------------------------------+


+----------------------------------------------------------------------------------------------------------------------+
; Analysis & Synthesis Settings                                                                                        ;
+----------------------------------------------------------------------------+--------------------+--------------------+
; Option                                                                     ; Setting            ; Default Value      ;
+----------------------------------------------------------------------------+--------------------+--------------------+
; Device                                                                     ; EP4CE115F29C7      ;                    ;
; Top-level entity name                                                      ; uartCon            ; project            ;
; Family name                                                                ; Cyclone IV E       ; Cyclone IV GX      ;
; Use smart compilation                                                      ; Off                ; Off                ;
; Enable parallel Assembler and TimeQuest Timing Analyzer during compilation ; On                 ; On                 ;
; Enable compact report table                                                ; Off                ; Off                ;
; Restructure Multiplexers                                                   ; Auto               ; Auto               ;
; Create Debugging Nodes for IP Cores                                        ; Off                ; Off                ;
; Preserve fewer node names                                                  ; On                 ; On                 ;
; Disable OpenCore Plus hardware evaluation                                  ; Off                ; Off                ;
; Verilog Version                                                            ; Verilog_2001       ; Verilog_2001       ;
; VHDL Version                                                               ; VHDL_1993          ; VHDL_1993          ;
; State Machine Processing                                                   ; Auto               ; Auto               ;
; Safe State Machine                                                         ; Off                ; Off                ;
; Extract Verilog State Machines                                             ; On                 ; On                 ;
; Extract VHDL State Machines                                                ; On                 ; On                 ;
; Ignore Verilog initial constructs                                          ; Off                ; Off                ;
; Iteration limit for constant Verilog loops                                 ; 5000               ; 5000               ;
; Iteration limit for non-constant Verilog loops                             ; 250                ; 250                ;
; Add Pass-Through Logic to Inferred RAMs                                    ; On                 ; On                 ;
; Infer RAMs from Raw Logic                                                  ; On                 ; On                 ;
; Parallel Synthesis                                                         ; On                 ; On                 ;
; DSP Block Balancing                                                        ; Auto               ; Auto               ;
; NOT Gate Push-Back                                                         ; On                 ; On                 ;
; Power-Up Don't Care                                                        ; On                 ; On                 ;
; Remove Redundant Logic Cells                                               ; Off                ; Off                ;
; Remove Duplicate Registers                                                 ; On                 ; On                 ;
; Ignore CARRY Buffers                                                       ; Off                ; Off                ;
; Ignore CASCADE Buffers                                                     ; Off                ; Off                ;
; Ignore GLOBAL Buffers                                                      ; Off                ; Off                ;
; Ignore ROW GLOBAL Buffers                                                  ; Off                ; Off                ;
; Ignore LCELL Buffers                                                       ; Off                ; Off                ;
; Ignore SOFT Buffers                                                        ; On                 ; On                 ;
; Limit AHDL Integers to 32 Bits                                             ; Off                ; Off                ;
; Optimization Technique                                                     ; Balanced           ; Balanced           ;
; Carry Chain Length                                                         ; 70                 ; 70                 ;
; Auto Carry Chains                                                          ; On                 ; On                 ;
; Auto Open-Drain Pins                                                       ; On                 ; On                 ;
; Perform WYSIWYG Primitive Resynthesis                                      ; Off                ; Off                ;
; Auto ROM Replacement                                                       ; On                 ; On                 ;
; Auto RAM Replacement                                                       ; On                 ; On                 ;
; Auto DSP Block Replacement                                                 ; On                 ; On                 ;
; Auto Shift Register Replacement                                            ; Auto               ; Auto               ;
; Allow Shift Register Merging across Hierarchies                            ; Auto               ; Auto               ;
; Auto Clock Enable Replacement                                              ; On                 ; On                 ;
; Strict RAM Replacement                                                     ; Off                ; Off                ;
; Allow Synchronous Control Signals                                          ; On                 ; On                 ;
; Force Use of Synchronous Clear Signals                                     ; Off                ; Off                ;
; Auto RAM Block Balancing                                                   ; On                 ; On                 ;
; Auto RAM to Logic Cell Conversion                                          ; Off                ; Off                ;
; Auto Resource Sharing                                                      ; Off                ; Off                ;
; Allow Any RAM Size For Recognition                                         ; Off                ; Off                ;
; Allow Any ROM Size For Recognition                                         ; Off                ; Off                ;
; Allow Any Shift Register Size For Recognition                              ; Off                ; Off                ;
; Use LogicLock Constraints during Resource Balancing                        ; On                 ; On                 ;
; Ignore translate_off and synthesis_off directives                          ; Off                ; Off                ;
; Timing-Driven Synthesis                                                    ; On                 ; On                 ;
; Report Parameter Settings                                                  ; On                 ; On                 ;
; Report Source Assignments                                                  ; On                 ; On                 ;
; Report Connectivity Checks                                                 ; On                 ; On                 ;
; Ignore Maximum Fan-Out Assignments                                         ; Off                ; Off                ;
; Synchronization Register Chain Length                                      ; 2                  ; 2                  ;
; PowerPlay Power Optimization                                               ; Normal compilation ; Normal compilation ;
; HDL message level                                                          ; Level2             ; Level2             ;
; Suppress Register Optimization Related Messages                            ; Off                ; Off                ;
; Number of Removed Registers Reported in Synthesis Report                   ; 5000               ; 5000               ;
; Number of Swept Nodes Reported in Synthesis Report                         ; 5000               ; 5000               ;
; Number of Inverted Registers Reported in Synthesis Report                  ; 100                ; 100                ;
; Clock MUX Protection                                                       ; On                 ; On                 ;
; Auto Gated Clock Conversion                                                ; Off                ; Off                ;
; Block Design Naming                                                        ; Auto               ; Auto               ;
; SDC constraint protection                                                  ; Off                ; Off                ;
; Synthesis Effort                                                           ; Auto               ; Auto               ;
; Shift Register Replacement - Allow Asynchronous Clear Signal               ; On                 ; On                 ;
; Pre-Mapping Resynthesis Optimization                                       ; Off                ; Off                ;
; Analysis & Synthesis Message Level                                         ; Medium             ; Medium             ;
; Disable Register Merging Across Hierarchies                                ; Auto               ; Auto               ;
; Resource Aware Inference For Block RAM                                     ; On                 ; On                 ;
; Synthesis Seed                                                             ; 1                  ; 1                  ;
+----------------------------------------------------------------------------+--------------------+--------------------+


Parallel compilation was disabled, but you have multiple processors available. Enable parallel compilation to reduce compilation time.
+-------------------------------------+
; Parallel Compilation                ;
+----------------------------+--------+
; Processors                 ; Number ;
+----------------------------+--------+
; Number detected on machine ; 24     ;
; Maximum allowed            ; 1      ;
+----------------------------+--------+


+----------------------------------------------------------------------------------------------------------------------+
; Analysis & Synthesis Source Files Read                                                                               ;
+----------------------------------+-----------------+-----------------+-------------------------------------+---------+
; File Name with User-Entered Path ; Used in Netlist ; File Type       ; File Name with Absolute Path        ; Library ;
+----------------------------------+-----------------+-----------------+-------------------------------------+---------+
; receiver.vhd                     ; yes             ; User VHDL File  ; H:/CEG3155_project/receiver.vhd     ;         ;
; left8.vhd                        ; yes             ; User VHDL File  ; H:/CEG3155_project/left8.vhd        ;         ;
; mux2_1_8b.vhd                    ; yes             ; User VHDL File  ; H:/CEG3155_project/mux2_1_8b.vhd    ;         ;
; dFF_2.vhd                        ; yes             ; User VHDL File  ; H:/CEG3155_project/dFF_2.vhd        ;         ;
; counter.vhd                      ; yes             ; User VHDL File  ; H:/CEG3155_project/counter.vhd      ;         ;
; enARdFF_2.vhd                    ; yes             ; User VHDL File  ; H:/CEG3155_project/enARdFF_2.vhd    ;         ;
; transmitter.vhd                  ; yes             ; User VHDL File  ; H:/CEG3155_project/transmitter.vhd  ;         ;
; baude_gen.vhd                    ; yes             ; User VHDL File  ; H:/CEG3155_project/baude_gen.vhd    ;         ;
; upcounter_8b.vhd                 ; yes             ; User VHDL File  ; H:/CEG3155_project/upcounter_8b.vhd ;         ;
; right8.vhd                       ; yes             ; User VHDL File  ; H:/CEG3155_project/right8.vhd       ;         ;
; interruptGen.vhd                 ; yes             ; User VHDL File  ; H:/CEG3155_project/interruptGen.vhd ;         ;
; uartCon.vhd                      ; yes             ; User VHDL File  ; H:/CEG3155_project/uartCon.vhd      ;         ;
+----------------------------------+-----------------+-----------------+-------------------------------------+---------+


+--------------------------------------------------------+
; Analysis & Synthesis Resource Usage Summary            ;
+---------------------------------------------+----------+
; Resource                                    ; Usage    ;
+---------------------------------------------+----------+
;                                             ;          ;
; Total combinational functions               ; 0        ;
; Logic element usage by number of LUT inputs ;          ;
;     -- 4 input functions                    ; 0        ;
;     -- 3 input functions                    ; 0        ;
;     -- <=2 input functions                  ; 0        ;
;                                             ;          ;
; Logic elements by mode                      ;          ;
;     -- normal mode                          ; 0        ;
;     -- arithmetic mode                      ; 0        ;
;                                             ;          ;
; Total registers                             ; 0        ;
;     -- Dedicated logic registers            ; 0        ;
;     -- I/O registers                        ; 0        ;
;                                             ;          ;
; I/O pins                                    ; 18       ;
; Embedded Multiplier 9-bit elements          ; 0        ;
; Maximum fan-out node                        ; GReset_c ;
; Maximum fan-out                             ; 1        ;
; Total fan-out                               ; 18       ;
; Average fan-out                             ; 0.50     ;
+---------------------------------------------+----------+


+-----------------------------------------------------------------------------------------------------------------------------------------------------------------------------+
; Analysis & Synthesis Resource Utilization by Entity                                                                                                                         ;
+----------------------------+-------------------+--------------+-------------+--------------+---------+-----------+------+--------------+---------------------+--------------+
; Compilation Hierarchy Node ; LC Combinationals ; LC Registers ; Memory Bits ; DSP Elements ; DSP 9x9 ; DSP 18x18 ; Pins ; Virtual Pins ; Full Hierarchy Name ; Library Name ;
+----------------------------+-------------------+--------------+-------------+--------------+---------+-----------+------+--------------+---------------------+--------------+
; |uartCon                   ; 0 (0)             ; 0 (0)        ; 0           ; 0            ; 0       ; 0         ; 18   ; 0            ; |uartCon            ; work         ;
+----------------------------+-------------------+--------------+-------------+--------------+---------+-----------+------+--------------+---------------------+--------------+
Note: For table entries with two numbers listed, the numbers in parentheses indicate the number of resources of the given type used by the specific entity alone. The numbers listed outside of parentheses indicate the total resources of the given type used by the specific entity and all of its sub-entities in the hierarchy.


+--------------------------------------------------------------------------------------------+
; Registers Removed During Synthesis                                                         ;
+-----------------------------------------------------------------------+--------------------+
; Register name                                                         ; Reason for Removal ;
+-----------------------------------------------------------------------+--------------------+
; transmitter:transmitter|enARdFF_2:state_sig2|int_q                    ; Lost fanout        ;
; transmitter:transmitter|enARdFF_2:state_sig4|int_q                    ; Lost fanout        ;
; transmitter:transmitter|enARdFF_2:state_sig3|int_q                    ; Lost fanout        ;
; transmitter:transmitter|enARdFF_2:state_sig1|int_q                    ; Lost fanout        ;
; transmitter:transmitter|enARdFF_2:TxD_output|int_q                    ; Lost fanout        ;
; transmitter:transmitter|enARdFF_2:TxD_output_Y2|int_q                 ; Lost fanout        ;
; baude_gen:baud_rate|clock_int                                         ; Lost fanout        ;
; baude_gen:baud_rate|count_1Mhz[0..6]                                  ; Lost fanout        ;
; baude_gen:baud_rate|upcounter_8b:clock_divde_mux_combined|Count[0..8] ; Lost fanout        ;
; baude_gen:baud_rate|upcounter_8b:clock_divde_mux_combined|o           ; Lost fanout        ;
; transmitter:transmitter|right8:tsr_shifting|dFF_2:o7|int_q            ; Lost fanout        ;
; transmitter:transmitter|right8:tsr_shifting|dFF_2:o6|int_q            ; Lost fanout        ;
; transmitter:transmitter|right8:tsr_shifting|dFF_2:o5|int_q            ; Lost fanout        ;
; transmitter:transmitter|right8:tsr_shifting|dFF_2:o4|int_q            ; Lost fanout        ;
; transmitter:transmitter|right8:tsr_shifting|dFF_2:o3|int_q            ; Lost fanout        ;
; transmitter:transmitter|right8:tsr_shifting|dFF_2:o2|int_q            ; Lost fanout        ;
; transmitter:transmitter|right8:tsr_shifting|dFF_2:o1|int_q            ; Lost fanout        ;
; transmitter:transmitter|right8:tsr_shifting|dFF_2:o0|int_q            ; Lost fanout        ;
; transmitter:transmitter|counter:shift_counter|enARdFF_2:lsb|int_q     ; Lost fanout        ;
; transmitter:transmitter|counter:shift_counter|enARdFF_2:b3|int_q      ; Lost fanout        ;
; transmitter:transmitter|counter:shift_counter|enARdFF_2:b2|int_q      ; Lost fanout        ;
; transmitter:transmitter|counter:shift_counter|enARdFF_2:msb|int_q     ; Lost fanout        ;
; transmitter:transmitter|upcounter_8b:clock_divde_8_TR|Count[0..8]     ; Lost fanout        ;
; transmitter:transmitter|upcounter_8b:clock_divde_8_TR|o               ; Lost fanout        ;
; Total Number of Removed Registers = 46                                ;                    ;
+-----------------------------------------------------------------------+--------------------+


+---------------------------------------------------------------------------------------------------------------------------------------------------------------+
; Removed Registers Triggering Further Register Optimizations                                                                                                   ;
+--------------------------------------------------------------------+--------------------+---------------------------------------------------------------------+
; Register name                                                      ; Reason for Removal ; Registers Removed due to This Register                              ;
+--------------------------------------------------------------------+--------------------+---------------------------------------------------------------------+
; transmitter:transmitter|enARdFF_2:TxD_output|int_q                 ; Lost Fanouts       ; transmitter:transmitter|right8:tsr_shifting|dFF_2:o7|int_q,         ;
;                                                                    ;                    ; transmitter:transmitter|right8:tsr_shifting|dFF_2:o6|int_q,         ;
;                                                                    ;                    ; transmitter:transmitter|right8:tsr_shifting|dFF_2:o5|int_q,         ;
;                                                                    ;                    ; transmitter:transmitter|right8:tsr_shifting|dFF_2:o4|int_q,         ;
;                                                                    ;                    ; transmitter:transmitter|right8:tsr_shifting|dFF_2:o3|int_q,         ;
;                                                                    ;                    ; transmitter:transmitter|right8:tsr_shifting|dFF_2:o2|int_q,         ;
;                                                                    ;                    ; transmitter:transmitter|right8:tsr_shifting|dFF_2:o1|int_q,         ;
;                                                                    ;                    ; transmitter:transmitter|right8:tsr_shifting|dFF_2:o0|int_q          ;
; baude_gen:baud_rate|upcounter_8b:clock_divde_mux_combined|Count[8] ; Lost Fanouts       ; baude_gen:baud_rate|upcounter_8b:clock_divde_mux_combined|Count[5], ;
;                                                                    ;                    ; baude_gen:baud_rate|upcounter_8b:clock_divde_mux_combined|Count[4], ;
;                                                                    ;                    ; baude_gen:baud_rate|upcounter_8b:clock_divde_mux_combined|Count[3], ;
;                                                                    ;                    ; baude_gen:baud_rate|upcounter_8b:clock_divde_mux_combined|Count[2], ;
;                                                                    ;                    ; baude_gen:baud_rate|upcounter_8b:clock_divde_mux_combined|Count[1], ;
;                                                                    ;                    ; baude_gen:baud_rate|upcounter_8b:clock_divde_mux_combined|Count[0]  ;
; transmitter:transmitter|enARdFF_2:state_sig2|int_q                 ; Lost Fanouts       ; baude_gen:baud_rate|upcounter_8b:clock_divde_mux_combined|o,        ;
;                                                                    ;                    ; transmitter:transmitter|counter:shift_counter|enARdFF_2:lsb|int_q,  ;
;                                                                    ;                    ; transmitter:transmitter|counter:shift_counter|enARdFF_2:b2|int_q,   ;
;                                                                    ;                    ; transmitter:transmitter|counter:shift_counter|enARdFF_2:msb|int_q,  ;
;                                                                    ;                    ; transmitter:transmitter|upcounter_8b:clock_divde_8_TR|o             ;
; transmitter:transmitter|upcounter_8b:clock_divde_8_TR|Count[8]     ; Lost Fanouts       ; transmitter:transmitter|upcounter_8b:clock_divde_8_TR|Count[4],     ;
;                                                                    ;                    ; transmitter:transmitter|upcounter_8b:clock_divde_8_TR|Count[3],     ;
;                                                                    ;                    ; transmitter:transmitter|upcounter_8b:clock_divde_8_TR|Count[2],     ;
;                                                                    ;                    ; transmitter:transmitter|upcounter_8b:clock_divde_8_TR|Count[1],     ;
;                                                                    ;                    ; transmitter:transmitter|upcounter_8b:clock_divde_8_TR|Count[0]      ;
; transmitter:transmitter|enARdFF_2:state_sig4|int_q                 ; Lost Fanouts       ; transmitter:transmitter|counter:shift_counter|enARdFF_2:b3|int_q    ;
+--------------------------------------------------------------------+--------------------+---------------------------------------------------------------------+


+------------------------------------------------------+
; General Register Statistics                          ;
+----------------------------------------------+-------+
; Statistic                                    ; Value ;
+----------------------------------------------+-------+
; Total registers                              ; 0     ;
; Number of registers using Synchronous Clear  ; 0     ;
; Number of registers using Synchronous Load   ; 0     ;
; Number of registers using Asynchronous Clear ; 0     ;
; Number of registers using Asynchronous Load  ; 0     ;
; Number of registers using Clock Enable       ; 0     ;
; Number of registers using Preset             ; 0     ;
+----------------------------------------------+-------+


+---------------------------------------------------------------------------------------------------------------------+
; Port Connectivity Checks: "interruptGen:interrupt"                                                                  ;
+-----------+--------+----------+-------------------------------------------------------------------------------------+
; Port      ; Type   ; Severity ; Details                                                                             ;
+-----------+--------+----------+-------------------------------------------------------------------------------------+
; rie       ; Input  ; Info     ; Stuck at VCC                                                                        ;
; tie       ; Input  ; Info     ; Stuck at VCC                                                                        ;
; oe        ; Input  ; Info     ; Stuck at GND                                                                        ;
; interrupt ; Output ; Info     ; Connected to dangling logic. Logic that only feeds a dangling port will be removed. ;
+-----------+--------+----------+-------------------------------------------------------------------------------------+


+------------------------------------------------------------------------------------------------------------------+
; Port Connectivity Checks: "baude_gen:baud_rate|upcounter_8b:clock_divde_mux_combined"                            ;
+--------+--------+----------+-------------------------------------------------------------------------------------+
; Port   ; Type   ; Severity ; Details                                                                             ;
+--------+--------+----------+-------------------------------------------------------------------------------------+
; enable ; Input  ; Info     ; Stuck at VCC                                                                        ;
; q      ; Output ; Info     ; Connected to dangling logic. Logic that only feeds a dangling port will be removed. ;
+--------+--------+----------+-------------------------------------------------------------------------------------+


+--------------------------------------------------------------------------------------------------------------------+
; Port Connectivity Checks: "baude_gen:baud_rate"                                                                    ;
+----------+--------+----------+-------------------------------------------------------------------------------------+
; Port     ; Type   ; Severity ; Details                                                                             ;
+----------+--------+----------+-------------------------------------------------------------------------------------+
; reset    ; Input  ; Info     ; Stuck at VCC                                                                        ;
; clock_41 ; Output ; Info     ; Connected to dangling logic. Logic that only feeds a dangling port will be removed. ;
+----------+--------+----------+-------------------------------------------------------------------------------------+


+----------------------------------------------------------------------------------------------------------------------+
; Port Connectivity Checks: "receiver:receiver|enARdFF_2:state_sig4"                                                   ;
+------------+--------+----------+-------------------------------------------------------------------------------------+
; Port       ; Type   ; Severity ; Details                                                                             ;
+------------+--------+----------+-------------------------------------------------------------------------------------+
; i_resetbar ; Input  ; Info     ; Stuck at VCC                                                                        ;
; o_qbar     ; Output ; Info     ; Connected to dangling logic. Logic that only feeds a dangling port will be removed. ;
+------------+--------+----------+-------------------------------------------------------------------------------------+


+----------------------------------------------------------------------------------------------------------------------+
; Port Connectivity Checks: "receiver:receiver|enARdFF_2:state_sig3"                                                   ;
+------------+--------+----------+-------------------------------------------------------------------------------------+
; Port       ; Type   ; Severity ; Details                                                                             ;
+------------+--------+----------+-------------------------------------------------------------------------------------+
; i_resetbar ; Input  ; Info     ; Stuck at VCC                                                                        ;
; o_qbar     ; Output ; Info     ; Connected to dangling logic. Logic that only feeds a dangling port will be removed. ;
+------------+--------+----------+-------------------------------------------------------------------------------------+


+----------------------------------------------------------------------------------------------------------------------+
; Port Connectivity Checks: "receiver:receiver|enARdFF_2:state_sig2"                                                   ;
+------------+--------+----------+-------------------------------------------------------------------------------------+
; Port       ; Type   ; Severity ; Details                                                                             ;
+------------+--------+----------+-------------------------------------------------------------------------------------+
; i_resetbar ; Input  ; Info     ; Stuck at VCC                                                                        ;
; o_qbar     ; Output ; Info     ; Connected to dangling logic. Logic that only feeds a dangling port will be removed. ;
+------------+--------+----------+-------------------------------------------------------------------------------------+


+----------------------------------------------------------------------------------------------------------------------+
; Port Connectivity Checks: "receiver:receiver|enARdFF_2:state_sig1"                                                   ;
+------------+--------+----------+-------------------------------------------------------------------------------------+
; Port       ; Type   ; Severity ; Details                                                                             ;
+------------+--------+----------+-------------------------------------------------------------------------------------+
; i_resetbar ; Input  ; Info     ; Stuck at VCC                                                                        ;
; o_qbar     ; Output ; Info     ; Connected to dangling logic. Logic that only feeds a dangling port will be removed. ;
+------------+--------+----------+-------------------------------------------------------------------------------------+


+----------------------------------------------------------------------------------------------------------------------+
; Port Connectivity Checks: "receiver:receiver|enARdFF_2:rsr_dff7"                                                     ;
+------------+--------+----------+-------------------------------------------------------------------------------------+
; Port       ; Type   ; Severity ; Details                                                                             ;
+------------+--------+----------+-------------------------------------------------------------------------------------+
; i_resetbar ; Input  ; Info     ; Stuck at VCC                                                                        ;
; o_q        ; Output ; Info     ; Connected to dangling logic. Logic that only feeds a dangling port will be removed. ;
; o_qbar     ; Output ; Info     ; Connected to dangling logic. Logic that only feeds a dangling port will be removed. ;
+------------+--------+----------+-------------------------------------------------------------------------------------+


+----------------------------------------------------------------------------------------------------------------------+
; Port Connectivity Checks: "receiver:receiver|enARdFF_2:rsr_dff6"                                                     ;
+------------+--------+----------+-------------------------------------------------------------------------------------+
; Port       ; Type   ; Severity ; Details                                                                             ;
+------------+--------+----------+-------------------------------------------------------------------------------------+
; i_resetbar ; Input  ; Info     ; Stuck at VCC                                                                        ;
; o_q        ; Output ; Info     ; Connected to dangling logic. Logic that only feeds a dangling port will be removed. ;
; o_qbar     ; Output ; Info     ; Connected to dangling logic. Logic that only feeds a dangling port will be removed. ;
+------------+--------+----------+-------------------------------------------------------------------------------------+


+----------------------------------------------------------------------------------------------------------------------+
; Port Connectivity Checks: "receiver:receiver|enARdFF_2:rsr_dff5"                                                     ;
+------------+--------+----------+-------------------------------------------------------------------------------------+
; Port       ; Type   ; Severity ; Details                                                                             ;
+------------+--------+----------+-------------------------------------------------------------------------------------+
; i_resetbar ; Input  ; Info     ; Stuck at VCC                                                                        ;
; o_q        ; Output ; Info     ; Connected to dangling logic. Logic that only feeds a dangling port will be removed. ;
; o_qbar     ; Output ; Info     ; Connected to dangling logic. Logic that only feeds a dangling port will be removed. ;
+------------+--------+----------+-------------------------------------------------------------------------------------+


+----------------------------------------------------------------------------------------------------------------------+
; Port Connectivity Checks: "receiver:receiver|enARdFF_2:rsr_dff4"                                                     ;
+------------+--------+----------+-------------------------------------------------------------------------------------+
; Port       ; Type   ; Severity ; Details                                                                             ;
+------------+--------+----------+-------------------------------------------------------------------------------------+
; i_resetbar ; Input  ; Info     ; Stuck at VCC                                                                        ;
; o_q        ; Output ; Info     ; Connected to dangling logic. Logic that only feeds a dangling port will be removed. ;
; o_qbar     ; Output ; Info     ; Connected to dangling logic. Logic that only feeds a dangling port will be removed. ;
+------------+--------+----------+-------------------------------------------------------------------------------------+


+----------------------------------------------------------------------------------------------------------------------+
; Port Connectivity Checks: "receiver:receiver|enARdFF_2:rsr_dff3"                                                     ;
+------------+--------+----------+-------------------------------------------------------------------------------------+
; Port       ; Type   ; Severity ; Details                                                                             ;
+------------+--------+----------+-------------------------------------------------------------------------------------+
; i_resetbar ; Input  ; Info     ; Stuck at VCC                                                                        ;
; o_q        ; Output ; Info     ; Connected to dangling logic. Logic that only feeds a dangling port will be removed. ;
; o_qbar     ; Output ; Info     ; Connected to dangling logic. Logic that only feeds a dangling port will be removed. ;
+------------+--------+----------+-------------------------------------------------------------------------------------+


+----------------------------------------------------------------------------------------------------------------------+
; Port Connectivity Checks: "receiver:receiver|enARdFF_2:rsr_dff0"                                                     ;
+------------+--------+----------+-------------------------------------------------------------------------------------+
; Port       ; Type   ; Severity ; Details                                                                             ;
+------------+--------+----------+-------------------------------------------------------------------------------------+
; i_resetbar ; Input  ; Info     ; Stuck at VCC                                                                        ;
; o_q        ; Output ; Info     ; Connected to dangling logic. Logic that only feeds a dangling port will be removed. ;
; o_qbar     ; Output ; Info     ; Connected to dangling logic. Logic that only feeds a dangling port will be removed. ;
+------------+--------+----------+-------------------------------------------------------------------------------------+


+----------------------------------------------------------------------------------------------------------------------+
; Port Connectivity Checks: "receiver:receiver|enARdFF_2:rsr_dff2"                                                     ;
+------------+--------+----------+-------------------------------------------------------------------------------------+
; Port       ; Type   ; Severity ; Details                                                                             ;
+------------+--------+----------+-------------------------------------------------------------------------------------+
; i_resetbar ; Input  ; Info     ; Stuck at VCC                                                                        ;
; o_q        ; Output ; Info     ; Connected to dangling logic. Logic that only feeds a dangling port will be removed. ;
; o_qbar     ; Output ; Info     ; Connected to dangling logic. Logic that only feeds a dangling port will be removed. ;
+------------+--------+----------+-------------------------------------------------------------------------------------+


+----------------------------------------------------------------------------------------------------------------------+
; Port Connectivity Checks: "receiver:receiver|enARdFF_2:rsr_dff"                                                      ;
+------------+--------+----------+-------------------------------------------------------------------------------------+
; Port       ; Type   ; Severity ; Details                                                                             ;
+------------+--------+----------+-------------------------------------------------------------------------------------+
; i_resetbar ; Input  ; Info     ; Stuck at VCC                                                                        ;
; o_q        ; Output ; Info     ; Connected to dangling logic. Logic that only feeds a dangling port will be removed. ;
; o_qbar     ; Output ; Info     ; Connected to dangling logic. Logic that only feeds a dangling port will be removed. ;
+------------+--------+----------+-------------------------------------------------------------------------------------+


+----------------------------------------------------------------------------------------------------------------------+
; Port Connectivity Checks: "receiver:receiver|enARdFF_2:RxD_in"                                                       ;
+------------+--------+----------+-------------------------------------------------------------------------------------+
; Port       ; Type   ; Severity ; Details                                                                             ;
+------------+--------+----------+-------------------------------------------------------------------------------------+
; i_resetbar ; Input  ; Info     ; Stuck at VCC                                                                        ;
; o_qbar     ; Output ; Info     ; Connected to dangling logic. Logic that only feeds a dangling port will be removed. ;
+------------+--------+----------+-------------------------------------------------------------------------------------+


+------------------------------------------------------------------------------------------------------------------+
; Port Connectivity Checks: "receiver:receiver|left8:rsr_shifting|dFF_2:o7"                                        ;
+--------+--------+----------+-------------------------------------------------------------------------------------+
; Port   ; Type   ; Severity ; Details                                                                             ;
+--------+--------+----------+-------------------------------------------------------------------------------------+
; i_d    ; Input  ; Info     ; Stuck at GND                                                                        ;
; o_qbar ; Output ; Info     ; Connected to dangling logic. Logic that only feeds a dangling port will be removed. ;
+--------+--------+----------+-------------------------------------------------------------------------------------+


+------------------------------------------------------------------------------------------------------------------+
; Port Connectivity Checks: "receiver:receiver|left8:rsr_shifting|dFF_2:o6"                                        ;
+--------+--------+----------+-------------------------------------------------------------------------------------+
; Port   ; Type   ; Severity ; Details                                                                             ;
+--------+--------+----------+-------------------------------------------------------------------------------------+
; o_qbar ; Output ; Info     ; Connected to dangling logic. Logic that only feeds a dangling port will be removed. ;
+--------+--------+----------+-------------------------------------------------------------------------------------+


+------------------------------------------------------------------------------------------------------------------+
; Port Connectivity Checks: "receiver:receiver|left8:rsr_shifting|dFF_2:o5"                                        ;
+--------+--------+----------+-------------------------------------------------------------------------------------+
; Port   ; Type   ; Severity ; Details                                                                             ;
+--------+--------+----------+-------------------------------------------------------------------------------------+
; o_qbar ; Output ; Info     ; Connected to dangling logic. Logic that only feeds a dangling port will be removed. ;
+--------+--------+----------+-------------------------------------------------------------------------------------+


+------------------------------------------------------------------------------------------------------------------+
; Port Connectivity Checks: "receiver:receiver|left8:rsr_shifting|dFF_2:o4"                                        ;
+--------+--------+----------+-------------------------------------------------------------------------------------+
; Port   ; Type   ; Severity ; Details                                                                             ;
+--------+--------+----------+-------------------------------------------------------------------------------------+
; o_qbar ; Output ; Info     ; Connected to dangling logic. Logic that only feeds a dangling port will be removed. ;
+--------+--------+----------+-------------------------------------------------------------------------------------+


+------------------------------------------------------------------------------------------------------------------+
; Port Connectivity Checks: "receiver:receiver|left8:rsr_shifting|dFF_2:o3"                                        ;
+--------+--------+----------+-------------------------------------------------------------------------------------+
; Port   ; Type   ; Severity ; Details                                                                             ;
+--------+--------+----------+-------------------------------------------------------------------------------------+
; o_qbar ; Output ; Info     ; Connected to dangling logic. Logic that only feeds a dangling port will be removed. ;
+--------+--------+----------+-------------------------------------------------------------------------------------+


+------------------------------------------------------------------------------------------------------------------+
; Port Connectivity Checks: "receiver:receiver|left8:rsr_shifting|dFF_2:o2"                                        ;
+--------+--------+----------+-------------------------------------------------------------------------------------+
; Port   ; Type   ; Severity ; Details                                                                             ;
+--------+--------+----------+-------------------------------------------------------------------------------------+
; o_qbar ; Output ; Info     ; Connected to dangling logic. Logic that only feeds a dangling port will be removed. ;
+--------+--------+----------+-------------------------------------------------------------------------------------+


+------------------------------------------------------------------------------------------------------------------+
; Port Connectivity Checks: "receiver:receiver|left8:rsr_shifting|dFF_2:o1"                                        ;
+--------+--------+----------+-------------------------------------------------------------------------------------+
; Port   ; Type   ; Severity ; Details                                                                             ;
+--------+--------+----------+-------------------------------------------------------------------------------------+
; o_qbar ; Output ; Info     ; Connected to dangling logic. Logic that only feeds a dangling port will be removed. ;
+--------+--------+----------+-------------------------------------------------------------------------------------+


+------------------------------------------------------------------------------------------------------------------+
; Port Connectivity Checks: "receiver:receiver|left8:rsr_shifting|dFF_2:o0"                                        ;
+--------+--------+----------+-------------------------------------------------------------------------------------+
; Port   ; Type   ; Severity ; Details                                                                             ;
+--------+--------+----------+-------------------------------------------------------------------------------------+
; o_qbar ; Output ; Info     ; Connected to dangling logic. Logic that only feeds a dangling port will be removed. ;
+--------+--------+----------+-------------------------------------------------------------------------------------+


+------------------------------------------------------------------------------------------------------------------------+
; Port Connectivity Checks: "receiver:receiver|counter:sampling_counter"                                                 ;
+--------------+--------+----------+-------------------------------------------------------------------------------------+
; Port         ; Type   ; Severity ; Details                                                                             ;
+--------------+--------+----------+-------------------------------------------------------------------------------------+
; target[2..0] ; Input  ; Info     ; Stuck at GND                                                                        ;
; target[3]    ; Input  ; Info     ; Stuck at VCC                                                                        ;
; i_load       ; Input  ; Info     ; Stuck at VCC                                                                        ;
; o_value      ; Output ; Info     ; Connected to dangling logic. Logic that only feeds a dangling port will be removed. ;
+--------------+--------+----------+-------------------------------------------------------------------------------------+


+------------------------------------------------------------------------------------------------------------------+
; Port Connectivity Checks: "receiver:receiver|upcounter_8b:clock_divde_8"                                         ;
+--------+--------+----------+-------------------------------------------------------------------------------------+
; Port   ; Type   ; Severity ; Details                                                                             ;
+--------+--------+----------+-------------------------------------------------------------------------------------+
; enable ; Input  ; Info     ; Stuck at VCC                                                                        ;
; sel[2] ; Input  ; Info     ; Stuck at GND                                                                        ;
; sel[1] ; Input  ; Info     ; Stuck at VCC                                                                        ;
; sel[0] ; Input  ; Info     ; Stuck at GND                                                                        ;
; q      ; Output ; Info     ; Connected to dangling logic. Logic that only feeds a dangling port will be removed. ;
+--------+--------+----------+-------------------------------------------------------------------------------------+


+---------------------------------------------------------------------------------------------------------------------+
; Port Connectivity Checks: "receiver:receiver|upcounter_8b:clock_divde_4"                                            ;
+-----------+--------+----------+-------------------------------------------------------------------------------------+
; Port      ; Type   ; Severity ; Details                                                                             ;
+-----------+--------+----------+-------------------------------------------------------------------------------------+
; enable    ; Input  ; Info     ; Stuck at VCC                                                                        ;
; sel[2..1] ; Input  ; Info     ; Stuck at GND                                                                        ;
; sel[0]    ; Input  ; Info     ; Stuck at VCC                                                                        ;
; q         ; Output ; Info     ; Connected to dangling logic. Logic that only feeds a dangling port will be removed. ;
+-----------+--------+----------+-------------------------------------------------------------------------------------+


+----------------------------------------------------------------------------------------------------------------------------+
; Port Connectivity Checks: "receiver:receiver"                                                                              ;
+------------------+--------+----------+-------------------------------------------------------------------------------------+
; Port             ; Type   ; Severity ; Details                                                                             ;
+------------------+--------+----------+-------------------------------------------------------------------------------------+
; greset           ; Input  ; Info     ; Stuck at VCC                                                                        ;
; test_out_clock8  ; Output ; Info     ; Connected to dangling logic. Logic that only feeds a dangling port will be removed. ;
; test_out_clock4  ; Output ; Info     ; Connected to dangling logic. Logic that only feeds a dangling port will be removed. ;
; test_out_doneshi ; Output ; Info     ; Connected to dangling logic. Logic that only feeds a dangling port will be removed. ;
; rdr              ; Output ; Info     ; Connected to dangling logic. Logic that only feeds a dangling port will be removed. ;
; states           ; Output ; Info     ; Connected to dangling logic. Logic that only feeds a dangling port will be removed. ;
+------------------+--------+----------+-------------------------------------------------------------------------------------+


+----------------------------------------------------------------------------------------------------------------------+
; Port Connectivity Checks: "transmitter:transmitter|enARdFF_2:state_sig4"                                             ;
+------------+--------+----------+-------------------------------------------------------------------------------------+
; Port       ; Type   ; Severity ; Details                                                                             ;
+------------+--------+----------+-------------------------------------------------------------------------------------+
; i_resetbar ; Input  ; Info     ; Stuck at VCC                                                                        ;
; o_qbar     ; Output ; Info     ; Connected to dangling logic. Logic that only feeds a dangling port will be removed. ;
+------------+--------+----------+-------------------------------------------------------------------------------------+


+----------------------------------------------------------------------------------------------------------------------+
; Port Connectivity Checks: "transmitter:transmitter|enARdFF_2:state_sig3"                                             ;
+------------+--------+----------+-------------------------------------------------------------------------------------+
; Port       ; Type   ; Severity ; Details                                                                             ;
+------------+--------+----------+-------------------------------------------------------------------------------------+
; i_resetbar ; Input  ; Info     ; Stuck at VCC                                                                        ;
; o_qbar     ; Output ; Info     ; Connected to dangling logic. Logic that only feeds a dangling port will be removed. ;
+------------+--------+----------+-------------------------------------------------------------------------------------+


+----------------------------------------------------------------------------------------------------------------------+
; Port Connectivity Checks: "transmitter:transmitter|enARdFF_2:state_sig2"                                             ;
+------------+--------+----------+-------------------------------------------------------------------------------------+
; Port       ; Type   ; Severity ; Details                                                                             ;
+------------+--------+----------+-------------------------------------------------------------------------------------+
; i_resetbar ; Input  ; Info     ; Stuck at VCC                                                                        ;
; o_qbar     ; Output ; Info     ; Connected to dangling logic. Logic that only feeds a dangling port will be removed. ;
+------------+--------+----------+-------------------------------------------------------------------------------------+


+----------------------------------------------------------------------------------------------------------------------+
; Port Connectivity Checks: "transmitter:transmitter|enARdFF_2:state_sig1"                                             ;
+------------+--------+----------+-------------------------------------------------------------------------------------+
; Port       ; Type   ; Severity ; Details                                                                             ;
+------------+--------+----------+-------------------------------------------------------------------------------------+
; i_resetbar ; Input  ; Info     ; Stuck at VCC                                                                        ;
; o_qbar     ; Output ; Info     ; Connected to dangling logic. Logic that only feeds a dangling port will be removed. ;
+------------+--------+----------+-------------------------------------------------------------------------------------+


+----------------------------------------------------------------------------------------------------------------------+
; Port Connectivity Checks: "transmitter:transmitter|enARdFF_2:TxD_output_Y2"                                          ;
+------------+--------+----------+-------------------------------------------------------------------------------------+
; Port       ; Type   ; Severity ; Details                                                                             ;
+------------+--------+----------+-------------------------------------------------------------------------------------+
; i_resetbar ; Input  ; Info     ; Stuck at VCC                                                                        ;
; o_qbar     ; Output ; Info     ; Connected to dangling logic. Logic that only feeds a dangling port will be removed. ;
+------------+--------+----------+-------------------------------------------------------------------------------------+


+----------------------------------------------------------------------------------------------------------------------+
; Port Connectivity Checks: "transmitter:transmitter|enARdFF_2:TxD_output"                                             ;
+------------+--------+----------+-------------------------------------------------------------------------------------+
; Port       ; Type   ; Severity ; Details                                                                             ;
+------------+--------+----------+-------------------------------------------------------------------------------------+
; i_resetbar ; Input  ; Info     ; Stuck at VCC                                                                        ;
; o_qbar     ; Output ; Info     ; Connected to dangling logic. Logic that only feeds a dangling port will be removed. ;
+------------+--------+----------+-------------------------------------------------------------------------------------+


+------------------------------------------------------------------------------------------------------------------+
; Port Connectivity Checks: "transmitter:transmitter|right8:tsr_shifting|dFF_2:o7"                                 ;
+--------+--------+----------+-------------------------------------------------------------------------------------+
; Port   ; Type   ; Severity ; Details                                                                             ;
+--------+--------+----------+-------------------------------------------------------------------------------------+
; o_qbar ; Output ; Info     ; Connected to dangling logic. Logic that only feeds a dangling port will be removed. ;
+--------+--------+----------+-------------------------------------------------------------------------------------+


+------------------------------------------------------------------------------------------------------------------+
; Port Connectivity Checks: "transmitter:transmitter|right8:tsr_shifting|dFF_2:o6"                                 ;
+--------+--------+----------+-------------------------------------------------------------------------------------+
; Port   ; Type   ; Severity ; Details                                                                             ;
+--------+--------+----------+-------------------------------------------------------------------------------------+
; o_qbar ; Output ; Info     ; Connected to dangling logic. Logic that only feeds a dangling port will be removed. ;
+--------+--------+----------+-------------------------------------------------------------------------------------+


+------------------------------------------------------------------------------------------------------------------+
; Port Connectivity Checks: "transmitter:transmitter|right8:tsr_shifting|dFF_2:o5"                                 ;
+--------+--------+----------+-------------------------------------------------------------------------------------+
; Port   ; Type   ; Severity ; Details                                                                             ;
+--------+--------+----------+-------------------------------------------------------------------------------------+
; o_qbar ; Output ; Info     ; Connected to dangling logic. Logic that only feeds a dangling port will be removed. ;
+--------+--------+----------+-------------------------------------------------------------------------------------+


+------------------------------------------------------------------------------------------------------------------+
; Port Connectivity Checks: "transmitter:transmitter|right8:tsr_shifting|dFF_2:o4"                                 ;
+--------+--------+----------+-------------------------------------------------------------------------------------+
; Port   ; Type   ; Severity ; Details                                                                             ;
+--------+--------+----------+-------------------------------------------------------------------------------------+
; o_qbar ; Output ; Info     ; Connected to dangling logic. Logic that only feeds a dangling port will be removed. ;
+--------+--------+----------+-------------------------------------------------------------------------------------+


+------------------------------------------------------------------------------------------------------------------+
; Port Connectivity Checks: "transmitter:transmitter|right8:tsr_shifting|dFF_2:o3"                                 ;
+--------+--------+----------+-------------------------------------------------------------------------------------+
; Port   ; Type   ; Severity ; Details                                                                             ;
+--------+--------+----------+-------------------------------------------------------------------------------------+
; o_qbar ; Output ; Info     ; Connected to dangling logic. Logic that only feeds a dangling port will be removed. ;
+--------+--------+----------+-------------------------------------------------------------------------------------+


+------------------------------------------------------------------------------------------------------------------+
; Port Connectivity Checks: "transmitter:transmitter|right8:tsr_shifting|dFF_2:o2"                                 ;
+--------+--------+----------+-------------------------------------------------------------------------------------+
; Port   ; Type   ; Severity ; Details                                                                             ;
+--------+--------+----------+-------------------------------------------------------------------------------------+
; o_qbar ; Output ; Info     ; Connected to dangling logic. Logic that only feeds a dangling port will be removed. ;
+--------+--------+----------+-------------------------------------------------------------------------------------+


+------------------------------------------------------------------------------------------------------------------+
; Port Connectivity Checks: "transmitter:transmitter|right8:tsr_shifting|dFF_2:o1"                                 ;
+--------+--------+----------+-------------------------------------------------------------------------------------+
; Port   ; Type   ; Severity ; Details                                                                             ;
+--------+--------+----------+-------------------------------------------------------------------------------------+
; o_qbar ; Output ; Info     ; Connected to dangling logic. Logic that only feeds a dangling port will be removed. ;
+--------+--------+----------+-------------------------------------------------------------------------------------+


+------------------------------------------------------------------------------------------------------------------+
; Port Connectivity Checks: "transmitter:transmitter|right8:tsr_shifting|dFF_2:o0"                                 ;
+--------+--------+----------+-------------------------------------------------------------------------------------+
; Port   ; Type   ; Severity ; Details                                                                             ;
+--------+--------+----------+-------------------------------------------------------------------------------------+
; o_qbar ; Output ; Info     ; Connected to dangling logic. Logic that only feeds a dangling port will be removed. ;
+--------+--------+----------+-------------------------------------------------------------------------------------+


+-------------------------------------------------------------------------+
; Port Connectivity Checks: "transmitter:transmitter|right8:tsr_shifting" ;
+-------+-------+----------+----------------------------------------------+
; Port  ; Type  ; Severity ; Details                                      ;
+-------+-------+----------+----------------------------------------------+
; shift ; Input ; Info     ; Stuck at VCC                                 ;
+-------+-------+----------+----------------------------------------------+


+------------------------------------------------------------------------------------------------------------------+
; Port Connectivity Checks: "transmitter:transmitter|counter:shift_counter|enARdFF_2:lsb"                          ;
+--------+--------+----------+-------------------------------------------------------------------------------------+
; Port   ; Type   ; Severity ; Details                                                                             ;
+--------+--------+----------+-------------------------------------------------------------------------------------+
; o_qbar ; Output ; Info     ; Connected to dangling logic. Logic that only feeds a dangling port will be removed. ;
+--------+--------+----------+-------------------------------------------------------------------------------------+


+------------------------------------------------------------------------------------------------------------------+
; Port Connectivity Checks: "transmitter:transmitter|counter:shift_counter|enARdFF_2:b3"                           ;
+--------+--------+----------+-------------------------------------------------------------------------------------+
; Port   ; Type   ; Severity ; Details                                                                             ;
+--------+--------+----------+-------------------------------------------------------------------------------------+
; o_qbar ; Output ; Info     ; Connected to dangling logic. Logic that only feeds a dangling port will be removed. ;
+--------+--------+----------+-------------------------------------------------------------------------------------+


+------------------------------------------------------------------------------------------------------------------+
; Port Connectivity Checks: "transmitter:transmitter|counter:shift_counter|enARdFF_2:b2"                           ;
+--------+--------+----------+-------------------------------------------------------------------------------------+
; Port   ; Type   ; Severity ; Details                                                                             ;
+--------+--------+----------+-------------------------------------------------------------------------------------+
; o_qbar ; Output ; Info     ; Connected to dangling logic. Logic that only feeds a dangling port will be removed. ;
+--------+--------+----------+-------------------------------------------------------------------------------------+


+------------------------------------------------------------------------------------------------------------------+
; Port Connectivity Checks: "transmitter:transmitter|counter:shift_counter|enARdFF_2:msb"                          ;
+--------+--------+----------+-------------------------------------------------------------------------------------+
; Port   ; Type   ; Severity ; Details                                                                             ;
+--------+--------+----------+-------------------------------------------------------------------------------------+
; o_qbar ; Output ; Info     ; Connected to dangling logic. Logic that only feeds a dangling port will be removed. ;
+--------+--------+----------+-------------------------------------------------------------------------------------+


+------------------------------------------------------------------------------------------------------------------------+
; Port Connectivity Checks: "transmitter:transmitter|counter:shift_counter"                                              ;
+--------------+--------+----------+-------------------------------------------------------------------------------------+
; Port         ; Type   ; Severity ; Details                                                                             ;
+--------------+--------+----------+-------------------------------------------------------------------------------------+
; target[2..0] ; Input  ; Info     ; Stuck at GND                                                                        ;
; target[3]    ; Input  ; Info     ; Stuck at VCC                                                                        ;
; i_load       ; Input  ; Info     ; Stuck at VCC                                                                        ;
; o_value      ; Output ; Info     ; Connected to dangling logic. Logic that only feeds a dangling port will be removed. ;
+--------------+--------+----------+-------------------------------------------------------------------------------------+


+------------------------------------------------------------------------------------------------------------------+
; Port Connectivity Checks: "transmitter:transmitter|upcounter_8b:clock_divde_8_TR"                                ;
+--------+--------+----------+-------------------------------------------------------------------------------------+
; Port   ; Type   ; Severity ; Details                                                                             ;
+--------+--------+----------+-------------------------------------------------------------------------------------+
; resetn ; Input  ; Info     ; Stuck at VCC                                                                        ;
; enable ; Input  ; Info     ; Stuck at VCC                                                                        ;
; sel[2] ; Input  ; Info     ; Stuck at GND                                                                        ;
; sel[1] ; Input  ; Info     ; Stuck at VCC                                                                        ;
; sel[0] ; Input  ; Info     ; Stuck at GND                                                                        ;
; q      ; Output ; Info     ; Connected to dangling logic. Logic that only feeds a dangling port will be removed. ;
+--------+--------+----------+-------------------------------------------------------------------------------------+


+--------------------------------------------------------------------------------------------------------------------------------+
; Port Connectivity Checks: "transmitter:transmitter"                                                                            ;
+----------------------+--------+----------+-------------------------------------------------------------------------------------+
; Port                 ; Type   ; Severity ; Details                                                                             ;
+----------------------+--------+----------+-------------------------------------------------------------------------------------+
; greset               ; Input  ; Info     ; Stuck at VCC                                                                        ;
; test_out_shif        ; Output ; Info     ; Connected to dangling logic. Logic that only feeds a dangling port will be removed. ;
; test_out_clock8      ; Output ; Info     ; Connected to dangling logic. Logic that only feeds a dangling port will be removed. ;
; test_out_start_shift ; Output ; Info     ; Connected to dangling logic. Logic that only feeds a dangling port will be removed. ;
; test_out_load        ; Output ; Info     ; Connected to dangling logic. Logic that only feeds a dangling port will be removed. ;
; test_out_tsr         ; Output ; Info     ; Connected to dangling logic. Logic that only feeds a dangling port will be removed. ;
; test_out_tsr_t       ; Output ; Info     ; Connected to dangling logic. Logic that only feeds a dangling port will be removed. ;
; test_out_txd_y2      ; Output ; Info     ; Connected to dangling logic. Logic that only feeds a dangling port will be removed. ;
; states               ; Output ; Info     ; Connected to dangling logic. Logic that only feeds a dangling port will be removed. ;
+----------------------+--------+----------+-------------------------------------------------------------------------------------+


+-------------------------------+
; Elapsed Time Per Partition    ;
+----------------+--------------+
; Partition Name ; Elapsed Time ;
+----------------+--------------+
; Top            ; 00:00:00     ;
+----------------+--------------+


+-------------------------------+
; Analysis & Synthesis Messages ;
+-------------------------------+
Info: *******************************************************************
Info: Running Quartus II 64-Bit Analysis & Synthesis
    Info: Version 13.0.1 Build 232 06/12/2013 Service Pack 1 SJ Web Edition
    Info: Processing started: Wed Dec 08 12:15:43 2021
Info: Command: quartus_map --read_settings_files=on --write_settings_files=off project -c project
Warning (20028): Parallel compilation is not licensed and has been disabled
Info (12021): Found 2 design units, including 1 entities, in source file receiver.vhd
    Info (12022): Found design unit 1: receiver-rtl
    Info (12023): Found entity 1: receiver
Info (12021): Found 2 design units, including 1 entities, in source file left8.vhd
    Info (12022): Found design unit 1: left8-logicLeft8
    Info (12023): Found entity 1: left8
Info (12021): Found 2 design units, including 1 entities, in source file mux2_1_8b.vhd
    Info (12022): Found design unit 1: mux2_1_8b-logicmux2_1
    Info (12023): Found entity 1: mux2_1_8b
Info (12021): Found 2 design units, including 1 entities, in source file project.vhd
    Info (12022): Found design unit 1: project-rtl
    Info (12023): Found entity 1: project
Info (12021): Found 2 design units, including 1 entities, in source file clk_div.vhd
    Info (12022): Found design unit 1: clk_div-a
    Info (12023): Found entity 1: clk_div
Info (12021): Found 2 design units, including 1 entities, in source file debouncer.vhd
    Info (12022): Found design unit 1: debouncer-fsm
    Info (12023): Found entity 1: debouncer
Info (12021): Found 2 design units, including 1 entities, in source file dff_2.vhd
    Info (12022): Found design unit 1: dFF_2-rtl
    Info (12023): Found entity 1: dFF_2
Info (12021): Found 2 design units, including 1 entities, in source file counter.vhd
    Info (12022): Found design unit 1: counter-rtl
    Info (12023): Found entity 1: counter
Info (12021): Found 2 design units, including 1 entities, in source file enardff_2.vhd
    Info (12022): Found design unit 1: enARdFF_2-rtl
    Info (12023): Found entity 1: enARdFF_2
Info (12021): Found 2 design units, including 1 entities, in source file transmitter.vhd
    Info (12022): Found design unit 1: transmitter-rtl
    Info (12023): Found entity 1: transmitter
Warning (12018): Entity "tFF" will be ignored because it conflicts with Quartus II primitive name
Info (12021): Found 2 design units, including 1 entities, in source file tff.vhd
    Info (12022): Found design unit 1: tFF-rtl
Info (12021): Found 2 design units, including 1 entities, in source file mux3_1_8b.vhd
    Info (12022): Found design unit 1: mux3_1_8b-lgicmux3_1
    Info (12023): Found entity 1: mux3_1_8b
Info (12021): Found 2 design units, including 1 entities, in source file baude_gen.vhd
    Info (12022): Found design unit 1: baude_gen-a
    Info (12023): Found entity 1: baude_gen
Info (12021): Found 2 design units, including 1 entities, in source file upcounter_8b.vhd
    Info (12022): Found design unit 1: upcounter_8b-logic
    Info (12023): Found entity 1: upcounter_8b
Info (12021): Found 2 design units, including 1 entities, in source file right8.vhd
    Info (12022): Found design unit 1: right8-logicRight8
    Info (12023): Found entity 1: right8
Info (12021): Found 2 design units, including 1 entities, in source file interruptgen.vhd
    Info (12022): Found design unit 1: interruptGen-rtl
    Info (12023): Found entity 1: interruptGen
Info (12021): Found 2 design units, including 1 entities, in source file uartcon.vhd
    Info (12022): Found design unit 1: uartCon-rtl
    Info (12023): Found entity 1: uartCon
Info (12127): Elaborating entity "uartCon" for the top level hierarchy
Warning (10541): VHDL Signal Declaration warning at uartCon.vhd(22): used implicit default value for signal "TDRE_con" because signal was never assigned a value or an explicit default value. Use of implicit default value may introduce unintended design optimizations.
Warning (10541): VHDL Signal Declaration warning at uartCon.vhd(25): used implicit default value for signal "interr" because signal was never assigned a value or an explicit default value. Use of implicit default value may introduce unintended design optimizations.
Info (12128): Elaborating entity "transmitter" for hierarchy "transmitter:transmitter"
Warning (10036): Verilog HDL or VHDL warning at transmitter.vhd(46): object "reset" assigned a value but never read
Info (12128): Elaborating entity "upcounter_8b" for hierarchy "transmitter:transmitter|upcounter_8b:clock_divde_8_TR"
Warning (10492): VHDL Process Statement warning at upcounter_8b.vhd(21): signal "output" is read inside the Process Statement but isn't in the Process Statement's sensitivity list
Info (12128): Elaborating entity "counter" for hierarchy "transmitter:transmitter|counter:shift_counter"
Warning (10036): Verilog HDL or VHDL warning at counter.vhd(45): object "int_notA" assigned a value but never read
Warning (10036): Verilog HDL or VHDL warning at counter.vhd(45): object "int_notB" assigned a value but never read
Warning (10036): Verilog HDL or VHDL warning at counter.vhd(46): object "int_notC" assigned a value but never read
Warning (10036): Verilog HDL or VHDL warning at counter.vhd(46): object "int_notD" assigned a value but never read
Info (12128): Elaborating entity "enARdFF_2" for hierarchy "transmitter:transmitter|counter:shift_counter|enARdFF_2:msb"
Info (12128): Elaborating entity "right8" for hierarchy "transmitter:transmitter|right8:tsr_shifting"
Info (12128): Elaborating entity "mux2_1_8b" for hierarchy "transmitter:transmitter|right8:tsr_shifting|mux2_1_8b:sw"
Info (12128): Elaborating entity "dFF_2" for hierarchy "transmitter:transmitter|right8:tsr_shifting|dFF_2:o0"
Info (12128): Elaborating entity "receiver" for hierarchy "receiver:receiver"
Warning (10036): Verilog HDL or VHDL warning at receiver.vhd(38): object "reset" assigned a value but never read
Warning (10541): VHDL Signal Declaration warning at receiver.vhd(40): used implicit default value for signal "RSR" because signal was never assigned a value or an explicit default value. Use of implicit default value may introduce unintended design optimizations.
Info (12128): Elaborating entity "left8" for hierarchy "receiver:receiver|left8:rsr_shifting"
Info (12128): Elaborating entity "baude_gen" for hierarchy "baude_gen:baud_rate"
Info (12128): Elaborating entity "interruptGen" for hierarchy "interruptGen:interrupt"
Warning (13024): Output pins are stuck at VCC or GND
    Warning (13410): Pin "TxD_con" is stuck at VCC
Info (17049): 46 registers lost all their fanouts during netlist optimizations.
Info (16010): Generating hard_block partition "hard_block:auto_generated_inst"
    Info (16011): Adding 0 node(s), including 0 DDIO, 0 PLL, 0 transceiver and 0 LCELL
Warning (21074): Design contains 17 input pin(s) that do not drive logic
    Warning (15610): No output dependent on input pin "GReset_c"
    Warning (15610): No output dependent on input pin "GClock"
    Warning (15610): No output dependent on input pin "sel_con[0]"
    Warning (15610): No output dependent on input pin "sel_con[1]"
    Warning (15610): No output dependent on input pin "sel_con[2]"
    Warning (15610): No output dependent on input pin "RxD_con"
    Warning (15610): No output dependent on input pin "TDR_con[0]"
    Warning (15610): No output dependent on input pin "TDR_con[1]"
    Warning (15610): No output dependent on input pin "TDR_con[2]"
    Warning (15610): No output dependent on input pin "TDR_con[3]"
    Warning (15610): No output dependent on input pin "TDR_con[4]"
    Warning (15610): No output dependent on input pin "TDR_con[5]"
    Warning (15610): No output dependent on input pin "TDR_con[6]"
    Warning (15610): No output dependent on input pin "TDR_con[7]"
    Warning (15610): No output dependent on input pin "MSTL[0]"
    Warning (15610): No output dependent on input pin "MSTL[1]"
    Warning (15610): No output dependent on input pin "MSTL[2]"
Info (21057): Implemented 18 device resources after synthesis - the final resource count might be different
    Info (21058): Implemented 17 input pins
    Info (21059): Implemented 1 output pins
Info: Quartus II 64-Bit Analysis & Synthesis was successful. 0 errors, 32 warnings
    Info: Peak virtual memory: 507 megabytes
    Info: Processing ended: Wed Dec 08 12:15:48 2021
    Info: Elapsed time: 00:00:05
    Info: Total CPU time (on all processors): 00:00:03


